<?xml version="1.0" encoding="UTF-8"?>
<!-- Generated by org.testng.reporters.JUnitReportReporter -->
<testsuite skipped="0" hostname="FUNSOs-Air" name="validateNavigation" tests="1" failures="0" timestamp="2019-09-15T22:22:31 BST" time="0.230" errors="0">
  <testcase name="basenavigation" time="0.230" classname="validateNavigation"/>
</testsuite> <!-- validateNavigation -->
